<?xml version="1.0" encoding="UTF-8"?>
<testsuite name="SortingTest" tests="1" skipped="0" failures="0" errors="0" timestamp="2019-08-27T18:01:38" hostname="DESKTOP-IVHFBFK" time="0.822">
  <properties/>
  <testcase name="start" classname="SortingTest" time="0.822"/>
  <system-out><![CDATA[Total numbers: 7.
Sorted data: -2 1 1 1 4 42 333
Total numbers: 7.
Sorted data: -2 1 1 1 4 42 333
Total numbers: 7.
-2: 1 time(s), 14%
4: 1 time(s), 14%
42: 1 time(s), 14%
333: 1 time(s), 14%
1: 3 time(s), 42%
Total numbers: 7.
-2: 1 time(s), 14%
333: 1 time(s), 14%
4: 1 time(s), 14%
42: 1 time(s), 14%
1: 3 time(s), 42%
Total numbers: 4.
1                 1: 1 time(s), 25%
1 -2   333 4: 1 time(s), 25%
42: 2 time(s), 50%
Total numbers: 4.
1111 1111: 1 time(s), 25%
22222: 1 time(s), 25%
3: 1 time(s), 25%
44: 1 time(s), 25%
Total numbers: 5.
22222: 1 time(s), 20%
3: 1 time(s), 20%
44: 1 time(s), 20%
1111: 2 time(s), 40%
Total numbers: 5.
3: 1 time(s), 20%
44: 1 time(s), 20%
22222: 1 time(s), 20%
1111: 2 time(s), 40%
No sorting type defined!
Total numbers: 7.
-2: 1 time(s), 14%
4: 1 time(s), 14%
42: 1 time(s), 14%
333: 1 time(s), 14%
1: 3 time(s), 42%
Total numbers: 4.
1111 1111: 1 time(s), 25%
22222: 1 time(s), 25%
3: 1 time(s), 25%
44: 1 time(s), 25%
No sorting type defined!
Total numbers: 7.
-2: 1 time(s), 14%
333: 1 time(s), 14%
4: 1 time(s), 14%
42: 1 time(s), 14%
1: 3 time(s), 42%
Total numbers: 7.
Sorted data: -2 1 1 1 333 4 42
]]></system-out>
  <system-err><![CDATA[Start test 1
Start test 2
Start test 3
Start test 4
Start test 5
Start test 6
Start test 7
Start test 8
Start test 9
Start test 10
Start test 11
Start test 12
Start test 13
Start test 14
Start test 15
Start test 16
]]></system-err>
</testsuite>
